CvBuilder/app/build/intermediates/manifest_merge_blame_file/debug/manifest-merger-blame-debug-report.txt
1<?xml version="1.0" encoding="utf-8"?>
2<manifest xmlns:android="http://schemas.android.com/apk/res/android"
3    package="com.ktn.cvbuilder"
4    android:versionCode="1"
5    android:versionName="1.0" >
6
7    <uses-sdk
8        android:minSdkVersion="21"
8-->src/main/AndroidManifest.xml
9        android:targetSdkVersion="32" />
9-->src/main/AndroidManifest.xml
10
11    <uses-permission android:name="android.permission.INTERNET" />
11-->src/main/AndroidManifest.xml:6:5-66
11-->src/main/AndroidManifest.xml:6:22-64
12    <uses-permission android:name="android.permission.REORDER_TASKS" />
12-->[androidx.fragment:fragment-testing:1.5.4] AndroidManifest.xml:25:5-72
12-->[androidx.fragment:fragment-testing:1.5.4] AndroidManifest.xml:25:22-69
13
14    <queries>
14-->[com.facebook.android:facebook-common:15.1.0] AndroidManifest.xml:17:5-19:15
15        <package android:name="com.facebook.katana" />
15-->[com.facebook.android:facebook-common:15.1.0] AndroidManifest.xml:18:9-55
15-->[com.facebook.android:facebook-common:15.1.0] AndroidManifest.xml:18:18-52
16        <package android:name="androidx.test.orchestrator" />
16-->[androidx.test:runner:1.4.0] AndroidManifest.xml:25:9-62
16-->[androidx.test:runner:1.4.0] AndroidManifest.xml:25:18-59
17        <package android:name="androidx.test.services" />
17-->[androidx.test:runner:1.4.0] AndroidManifest.xml:26:9-58
17-->[androidx.test:runner:1.4.0] AndroidManifest.xml:26:18-55
18        <package android:name="com.google.android.apps.common.testing.services" />
18-->[androidx.test:runner:1.4.0] AndroidManifest.xml:27:9-83
18-->[androidx.test:runner:1.4.0] AndroidManifest.xml:27:18-80
19    </queries>
20
21    <uses-permission android:name="com.google.android.finsky.permission.BIND_GET_INSTALL_REFERRER_SERVICE" />
21-->[com.android.installreferrer:installreferrer:1.0] AndroidManifest.xml:9:5-110
21-->[com.android.installreferrer:installreferrer:1.0] AndroidManifest.xml:9:22-107
22
23    <application
23-->src/main/AndroidManifest.xml:10:5-32:19
24        android:name="com.ktn.cvbuilder.CvBuilderApplication"
24-->src/main/AndroidManifest.xml:11:13-49
25        android:allowBackup="true"
25-->src/main/AndroidManifest.xml:12:13-39
26        android:appComponentFactory="androidx.core.app.CoreComponentFactory"
26-->[androidx.core:core:1.8.0] AndroidManifest.xml:24:18-86
27        android:dataExtractionRules="@xml/data_extraction_rules"
27-->src/main/AndroidManifest.xml:13:13-69
28        android:debuggable="true"
29        android:fullBackupContent="@xml/backup_rules"
29-->src/main/AndroidManifest.xml:14:13-58
30        android:icon="@mipmap/ic_launcher"
30-->src/main/AndroidManifest.xml:15:13-47
31        android:label="@string/app_name"
31-->src/main/AndroidManifest.xml:16:13-45
32        android:roundIcon="@mipmap/ic_launcher_round"
32-->src/main/AndroidManifest.xml:17:13-58
33        android:supportsRtl="true"
33-->src/main/AndroidManifest.xml:18:13-39
34        android:testOnly="true"
35        android:theme="@style/Theme.CvBuilder" >
35-->src/main/AndroidManifest.xml:19:13-51
36        <activity
36-->src/main/AndroidManifest.xml:21:9-31:20
37            android:name="com.ktn.cvbuilder.MainActivity"
37-->src/main/AndroidManifest.xml:22:17-45
38            android:exported="true"
38-->src/main/AndroidManifest.xml:23:17-40
39            android:label="@string/app_name"
39-->src/main/AndroidManifest.xml:24:17-49
40            android:theme="@style/Theme.CvBuilder.NoActionBar" >
40-->src/main/AndroidManifest.xml:25:17-67
41            <intent-filter>
41-->src/main/AndroidManifest.xml:26:13-30:29
42                <action android:name="android.intent.action.MAIN" />
42-->src/main/AndroidManifest.xml:27:17-68
42-->src/main/AndroidManifest.xml:27:25-66
43
44                <category android:name="android.intent.category.LAUNCHER" />
44-->src/main/AndroidManifest.xml:29:17-76
44-->src/main/AndroidManifest.xml:29:27-74
45            </intent-filter>
46        </activity>
47        <activity
47-->[androidx.fragment:fragment-testing:1.5.4] AndroidManifest.xml:28:9-37:20
48            android:name="androidx.fragment.app.testing.FragmentScenario$EmptyFragmentActivity"
48-->[androidx.fragment:fragment-testing:1.5.4] AndroidManifest.xml:29:13-96
49            android:exported="true"
49-->[androidx.fragment:fragment-testing:1.5.4] AndroidManifest.xml:30:13-36
50            android:multiprocess="true"
50-->[androidx.fragment:fragment-testing:1.5.4] AndroidManifest.xml:31:13-40
51            android:taskAffinity=""
51-->[androidx.fragment:fragment-testing:1.5.4] AndroidManifest.xml:32:13-36
52            android:theme="@style/FragmentScenarioEmptyFragmentActivityTheme" >
52-->[androidx.fragment:fragment-testing:1.5.4] AndroidManifest.xml:33:13-78
53            <intent-filter>
53-->[androidx.fragment:fragment-testing:1.5.4] AndroidManifest.xml:34:13-36:29
54                <action android:name="android.intent.action.MAIN" />
54-->src/main/AndroidManifest.xml:27:17-68
54-->src/main/AndroidManifest.xml:27:25-66
55            </intent-filter>
56        </activity>
57        <activity
57-->[com.facebook.android:facebook-common:15.1.0] AndroidManifest.xml:22:9-25:66
58            android:name="com.facebook.FacebookActivity"
58-->[com.facebook.android:facebook-common:15.1.0] AndroidManifest.xml:23:13-57
59            android:configChanges="keyboard|keyboardHidden|screenLayout|screenSize|orientation"
59-->[com.facebook.android:facebook-common:15.1.0] AndroidManifest.xml:24:13-96
60            android:theme="@style/com_facebook_activity_theme" />
60-->[com.facebook.android:facebook-common:15.1.0] AndroidManifest.xml:25:13-63
61        <activity android:name="com.facebook.CustomTabMainActivity" />
61-->[com.facebook.android:facebook-common:15.1.0] AndroidManifest.xml:26:9-71
61-->[com.facebook.android:facebook-common:15.1.0] AndroidManifest.xml:26:19-68
62        <activity
62-->[com.facebook.android:facebook-common:15.1.0] AndroidManifest.xml:27:9-41:20
63            android:name="com.facebook.CustomTabActivity"
63-->[com.facebook.android:facebook-common:15.1.0] AndroidManifest.xml:28:13-58
64            android:exported="true" >
64-->[com.facebook.android:facebook-common:15.1.0] AndroidManifest.xml:29:13-36
65            <intent-filter>
65-->[com.facebook.android:facebook-common:15.1.0] AndroidManifest.xml:31:13-40:29
66                <action android:name="android.intent.action.VIEW" />
66-->[com.facebook.android:facebook-common:15.1.0] AndroidManifest.xml:32:17-69
66-->[com.facebook.android:facebook-common:15.1.0] AndroidManifest.xml:32:25-66
67
68                <category android:name="android.intent.category.DEFAULT" />
68-->[com.facebook.android:facebook-common:15.1.0] AndroidManifest.xml:34:17-76
68-->[com.facebook.android:facebook-common:15.1.0] AndroidManifest.xml:34:27-73
69                <category android:name="android.intent.category.BROWSABLE" />
69-->[com.facebook.android:facebook-common:15.1.0] AndroidManifest.xml:35:17-78
69-->[com.facebook.android:facebook-common:15.1.0] AndroidManifest.xml:35:27-75
70
71                <data
71-->[com.facebook.android:facebook-common:15.1.0] AndroidManifest.xml:37:17-39:50
72                    android:host="cct.com.ktn.cvbuilder"
72-->[com.facebook.android:facebook-common:15.1.0] AndroidManifest.xml:38:21-56
73                    android:scheme="fbconnect" />
73-->[com.facebook.android:facebook-common:15.1.0] AndroidManifest.xml:39:21-47
74            </intent-filter>
75        </activity>
76        <!--
77         The initialization ContentProvider will call FacebookSdk.sdkInitialize automatically
78         with the application context. This config is merged in with the host app's manifest,
79         but there can only be one provider with the same authority activated at any given
80         point; so if the end user has two or more different apps that use Facebook SDK, only the
81         first one will be able to use the provider. To work around this problem, we use the
82         following placeholder in the authority to identify each host application as if it was
83         a completely different provider.
84        -->
85        <provider
85-->[com.facebook.android:facebook-core:15.1.0] AndroidManifest.xml:29:9-32:40
86            android:name="com.facebook.internal.FacebookInitProvider"
86-->[com.facebook.android:facebook-core:15.1.0] AndroidManifest.xml:30:13-70
87            android:authorities="com.ktn.cvbuilder.FacebookInitProvider"
87-->[com.facebook.android:facebook-core:15.1.0] AndroidManifest.xml:31:13-72
88            android:exported="false" />
88-->[com.facebook.android:facebook-core:15.1.0] AndroidManifest.xml:32:13-37
89
90        <receiver
90-->[com.facebook.android:facebook-core:15.1.0] AndroidManifest.xml:34:9-40:20
91            android:name="com.facebook.CurrentAccessTokenExpirationBroadcastReceiver"
91-->[com.facebook.android:facebook-core:15.1.0] AndroidManifest.xml:35:13-86
92            android:exported="false" >
92-->[com.facebook.android:facebook-core:15.1.0] AndroidManifest.xml:36:13-37
93            <intent-filter>
93-->[com.facebook.android:facebook-core:15.1.0] AndroidManifest.xml:37:13-39:29
94                <action android:name="com.facebook.sdk.ACTION_CURRENT_ACCESS_TOKEN_CHANGED" />
94-->[com.facebook.android:facebook-core:15.1.0] AndroidManifest.xml:38:17-95
94-->[com.facebook.android:facebook-core:15.1.0] AndroidManifest.xml:38:25-92
95            </intent-filter>
96        </receiver>
97        <receiver
97-->[com.facebook.android:facebook-core:15.1.0] AndroidManifest.xml:41:9-47:20
98            android:name="com.facebook.AuthenticationTokenManager$CurrentAuthenticationTokenChangedBroadcastReceiver"
98-->[com.facebook.android:facebook-core:15.1.0] AndroidManifest.xml:42:13-118
99            android:exported="false" >
99-->[com.facebook.android:facebook-core:15.1.0] AndroidManifest.xml:43:13-37
100            <intent-filter>
100-->[com.facebook.android:facebook-core:15.1.0] AndroidManifest.xml:44:13-46:29
101                <action android:name="com.facebook.sdk.ACTION_CURRENT_AUTHENTICATION_TOKEN_CHANGED" />
101-->[com.facebook.android:facebook-core:15.1.0] AndroidManifest.xml:45:17-103
101-->[com.facebook.android:facebook-core:15.1.0] AndroidManifest.xml:45:25-100
102            </intent-filter>
103        </receiver>
104
105        <uses-library
105-->[androidx.window:window:1.0.0] AndroidManifest.xml:25:9-27:40
106            android:name="androidx.window.extensions"
106-->[androidx.window:window:1.0.0] AndroidManifest.xml:26:13-54
107            android:required="false" />
107-->[androidx.window:window:1.0.0] AndroidManifest.xml:27:13-37
108        <uses-library
108-->[androidx.window:window:1.0.0] AndroidManifest.xml:28:9-30:40
109            android:name="androidx.window.sidecar"
109-->[androidx.window:window:1.0.0] AndroidManifest.xml:29:13-51
110            android:required="false" />
110-->[androidx.window:window:1.0.0] AndroidManifest.xml:30:13-37
111
112        <service
112-->[androidx.room:room-runtime:2.4.3] AndroidManifest.xml:25:9-28:40
113            android:name="androidx.room.MultiInstanceInvalidationService"
113-->[androidx.room:room-runtime:2.4.3] AndroidManifest.xml:26:13-74
114            android:directBootAware="true"
114-->[androidx.room:room-runtime:2.4.3] AndroidManifest.xml:27:13-43
115            android:exported="false" />
115-->[androidx.room:room-runtime:2.4.3] AndroidManifest.xml:28:13-37
116
117        <activity
117-->[androidx.test:core:1.4.0] AndroidManifest.xml:27:9-34:20
118            android:name="androidx.test.core.app.InstrumentationActivityInvoker$BootstrapActivity"
118-->[androidx.test:core:1.4.0] AndroidManifest.xml:28:13-99
119            android:exported="true"
119-->[androidx.test:core:1.4.0] AndroidManifest.xml:29:13-36
120            android:theme="@android:style/Theme" >
120-->[androidx.test:core:1.4.0] AndroidManifest.xml:30:13-49
121            <intent-filter>
121-->[androidx.fragment:fragment-testing:1.5.4] AndroidManifest.xml:34:13-36:29
122                <action android:name="android.intent.action.MAIN" />
122-->src/main/AndroidManifest.xml:27:17-68
122-->src/main/AndroidManifest.xml:27:25-66
123            </intent-filter>
124        </activity>
125        <activity
125-->[androidx.test:core:1.4.0] AndroidManifest.xml:35:9-42:20
126            android:name="androidx.test.core.app.InstrumentationActivityInvoker$EmptyActivity"
126-->[androidx.test:core:1.4.0] AndroidManifest.xml:36:13-95
127            android:exported="true"
127-->[androidx.test:core:1.4.0] AndroidManifest.xml:37:13-36
128            android:theme="@android:style/Theme" >
128-->[androidx.test:core:1.4.0] AndroidManifest.xml:38:13-49
129            <intent-filter>
129-->[androidx.fragment:fragment-testing:1.5.4] AndroidManifest.xml:34:13-36:29
130                <action android:name="android.intent.action.MAIN" />
130-->src/main/AndroidManifest.xml:27:17-68
130-->src/main/AndroidManifest.xml:27:25-66
131            </intent-filter>
132        </activity>
133        <activity
133-->[androidx.test:core:1.4.0] AndroidManifest.xml:43:9-50:20
134            android:name="androidx.test.core.app.InstrumentationActivityInvoker$EmptyFloatingActivity"
134-->[androidx.test:core:1.4.0] AndroidManifest.xml:44:13-103
135            android:exported="true"
135-->[androidx.test:core:1.4.0] AndroidManifest.xml:45:13-36
136            android:theme="@android:style/Theme.Dialog" >
136-->[androidx.test:core:1.4.0] AndroidManifest.xml:46:13-56
137            <intent-filter>
137-->[androidx.fragment:fragment-testing:1.5.4] AndroidManifest.xml:34:13-36:29
138                <action android:name="android.intent.action.MAIN" />
138-->src/main/AndroidManifest.xml:27:17-68
138-->src/main/AndroidManifest.xml:27:25-66
139            </intent-filter>
140        </activity>
141
142        <provider
142-->[androidx.emoji2:emoji2:1.2.0] AndroidManifest.xml:24:9-32:20
143            android:name="androidx.startup.InitializationProvider"
143-->[androidx.emoji2:emoji2:1.2.0] AndroidManifest.xml:25:13-67
144            android:authorities="com.ktn.cvbuilder.androidx-startup"
144-->[androidx.emoji2:emoji2:1.2.0] AndroidManifest.xml:26:13-68
145            android:exported="false" >
145-->[androidx.emoji2:emoji2:1.2.0] AndroidManifest.xml:27:13-37
146            <meta-data
146-->[androidx.emoji2:emoji2:1.2.0] AndroidManifest.xml:29:13-31:52
147                android:name="androidx.emoji2.text.EmojiCompatInitializer"
147-->[androidx.emoji2:emoji2:1.2.0] AndroidManifest.xml:30:17-75
148                android:value="androidx.startup" />
148-->[androidx.emoji2:emoji2:1.2.0] AndroidManifest.xml:31:17-49
149            <meta-data
149-->[androidx.lifecycle:lifecycle-process:2.4.1] AndroidManifest.xml:31:13-33:52
150                android:name="androidx.lifecycle.ProcessLifecycleInitializer"
150-->[androidx.lifecycle:lifecycle-process:2.4.1] AndroidManifest.xml:32:17-78
151                android:value="androidx.startup" />
151-->[androidx.lifecycle:lifecycle-process:2.4.1] AndroidManifest.xml:33:17-49
152        </provider>
153    </application>
154
155</manifest>